<?xml version="1.0" encoding="UTF-8"?>
<testng-results ignored="0" total="1" passed="1" failed="0" skipped="0">
  <reporter-output>
  </reporter-output>
  <suite started-at="2024-11-02T18:54:39 IST" name="Default suite" finished-at="2024-11-02T18:54:39 IST" duration-ms="59">
    <groups>
    </groups>
    <test started-at="2024-11-02T18:54:39 IST" name="Default test" finished-at="2024-11-02T18:54:39 IST" duration-ms="59">
      <class name="Myselenium.Config_AnnotationsTest">
        <test-method is-config="true" signature="Beforesuite()[pri:0, instance:Myselenium.Config_AnnotationsTest@33c911a1]" started-at="2024-11-02T18:54:39 IST" name="Beforesuite" finished-at="2024-11-02T18:54:39 IST" duration-ms="20" status="PASS">
          <reporter-output>
          </reporter-output>
        </test-method> <!-- Beforesuite -->
        <test-method is-config="true" signature="Beforetest()[pri:0, instance:Myselenium.Config_AnnotationsTest@33c911a1]" started-at="2024-11-02T18:54:39 IST" name="Beforetest" finished-at="2024-11-02T18:54:39 IST" duration-ms="1" status="PASS">
          <reporter-output>
          </reporter-output>
        </test-method> <!-- Beforetest -->
        <test-method is-config="true" signature="Beforeclass()[pri:0, instance:Myselenium.Config_AnnotationsTest@33c911a1]" started-at="2024-11-02T18:54:39 IST" name="Beforeclass" finished-at="2024-11-02T18:54:39 IST" duration-ms="1" status="PASS">
          <reporter-output>
          </reporter-output>
        </test-method> <!-- Beforeclass -->
        <test-method is-config="true" signature="Beforemethod()[pri:0, instance:Myselenium.Config_AnnotationsTest@33c911a1]" started-at="2024-11-02T18:54:39 IST" name="Beforemethod" finished-at="2024-11-02T18:54:39 IST" duration-ms="0" status="PASS">
          <reporter-output>
          </reporter-output>
        </test-method> <!-- Beforemethod -->
        <test-method signature="Test1()[pri:0, instance:Myselenium.Config_AnnotationsTest@33c911a1]" started-at="2024-11-02T18:54:39 IST" name="Test1" finished-at="2024-11-02T18:54:39 IST" duration-ms="9" status="PASS">
          <reporter-output>
          </reporter-output>
        </test-method> <!-- Test1 -->
        <test-method is-config="true" signature="Aftermethod()[pri:0, instance:Myselenium.Config_AnnotationsTest@33c911a1]" started-at="2024-11-02T18:54:39 IST" name="Aftermethod" finished-at="2024-11-02T18:54:39 IST" duration-ms="0" status="PASS">
          <reporter-output>
          </reporter-output>
        </test-method> <!-- Aftermethod -->
        <test-method is-config="true" signature="Afterclass()[pri:0, instance:Myselenium.Config_AnnotationsTest@33c911a1]" started-at="2024-11-02T18:54:39 IST" name="Afterclass" finished-at="2024-11-02T18:54:39 IST" duration-ms="0" status="PASS">
          <reporter-output>
          </reporter-output>
        </test-method> <!-- Afterclass -->
        <test-method is-config="true" signature="Aftertest()[pri:0, instance:Myselenium.Config_AnnotationsTest@33c911a1]" started-at="2024-11-02T18:54:39 IST" name="Aftertest" finished-at="2024-11-02T18:54:39 IST" duration-ms="0" status="PASS">
          <reporter-output>
          </reporter-output>
        </test-method> <!-- Aftertest -->
        <test-method is-config="true" signature="Aftersuite()[pri:0, instance:Myselenium.Config_AnnotationsTest@33c911a1]" started-at="2024-11-02T18:54:39 IST" name="Aftersuite" finished-at="2024-11-02T18:54:39 IST" duration-ms="1" status="PASS">
          <reporter-output>
          </reporter-output>
        </test-method> <!-- Aftersuite -->
      </class> <!-- Myselenium.Config_AnnotationsTest -->
    </test> <!-- Default test -->
  </suite> <!-- Default suite -->
</testng-results>
